{
    "code": "ENOTFOUND",
    "errno": -3008,
    "hostname": "postgres",
    "level": "error",
    "message": "Error during Data Source initialization: getaddrinfo ENOTFOUND postgres",
    "stack": "Error: getaddrinfo ENOTFOUND postgres\n    at GetAddrInfoReqWrap.onlookup [as oncomplete] (node:dns:107:26)",
    "syscall": "getaddrinfo"
}
{
    "address": "127.0.0.1",
    "code": "ECONNREFUSED",
    "errno": -61,
    "level": "error",
    "message": "Failed to start servers: connect ECONNREFUSED 127.0.0.1:5432",
    "port": 5432,
    "stack": "Error: connect ECONNREFUSED 127.0.0.1:5432\n    at /Users/vbui/Documents/Auto_repo/myTypescript/rest-api/node_modules/pg-pool/index.js:45:11\n    at process.processTicksAndRejections (node:internal/process/task_queues:95:5)",
    "syscall": "connect"
}
{
    "address": "127.0.0.1",
    "code": "ECONNREFUSED",
    "errno": -61,
    "level": "error",
    "message": "Failed to start servers: connect ECONNREFUSED 127.0.0.1:5432",
    "port": 5432,
    "stack": "Error: connect ECONNREFUSED 127.0.0.1:5432\n    at /Users/vbui/Documents/Auto_repo/myTypescript/rest-api/node_modules/pg-pool/index.js:45:11\n    at process.processTicksAndRejections (node:internal/process/task_queues:95:5)",
    "syscall": "connect"
}
{
    "level": "error",
    "message": "Default error handler triggered; reason: This is a test error",
    "stack": "Error: This is a test error\n    at /Users/vbui/Documents/Auto_repo/myTypescript/rest-api/dist/server.js:68:10\n    at Layer.handleRequest (/Users/vbui/Documents/Auto_repo/myTypescript/rest-api/node_modules/router/lib/layer.js:152:17)\n    at next (/Users/vbui/Documents/Auto_repo/myTypescript/rest-api/node_modules/router/lib/route.js:157:13)\n    at Route.dispatch (/Users/vbui/Documents/Auto_repo/myTypescript/rest-api/node_modules/router/lib/route.js:117:3)\n    at handle (/Users/vbui/Documents/Auto_repo/myTypescript/rest-api/node_modules/router/index.js:435:11)\n    at Layer.handleRequest (/Users/vbui/Documents/Auto_repo/myTypescript/rest-api/node_modules/router/lib/layer.js:152:17)\n    at /Users/vbui/Documents/Auto_repo/myTypescript/rest-api/node_modules/router/index.js:295:15\n    at processParams (/Users/vbui/Documents/Auto_repo/myTypescript/rest-api/node_modules/router/index.js:582:12)\n    at next (/Users/vbui/Documents/Auto_repo/myTypescript/rest-api/node_modules/router/index.js:291:5)\n    at read (/Users/vbui/Documents/Auto_repo/myTypescript/rest-api/node_modules/body-parser/lib/read.js:54:5)"
}
{
    "level": "error",
    "message": "Error in findCourseByUrl:"
}
{
    "level": "error",
    "message": "Default error handler triggered; reason: undefined"
}
{
    "level": "error",
    "message": "Error in findCourseByUrl:"
}
{
    "level": "error",
    "message": "Default error handler triggered; reason: undefined"
}
{
    "code": "ERR_HTTP_HEADERS_SENT",
    "level": "error",
    "message": "Error in findCourseByUrl: Cannot set headers after they are sent to the client",
    "stack": "Error [ERR_HTTP_HEADERS_SENT]: Cannot set headers after they are sent to the client\n    at new NodeError (node:internal/errors:405:5)\n    at ServerResponse.setHeader (node:_http_outgoing:655:11)\n    at ServerResponse.header (/Users/vbui/Documents/Auto_repo/myTypescript/rest-api/node_modules/express/lib/response.js:686:10)\n    at ServerResponse.send (/Users/vbui/Documents/Auto_repo/myTypescript/rest-api/node_modules/express/lib/response.js:163:12)\n    at ServerResponse.json (/Users/vbui/Documents/Auto_repo/myTypescript/rest-api/node_modules/express/lib/response.js:252:15)\n    at /Users/vbui/Documents/Auto_repo/myTypescript/rest-api/dist/routes/find-course-by-url.js:80:42\n    at step (/Users/vbui/Documents/Auto_repo/myTypescript/rest-api/dist/routes/find-course-by-url.js:44:23)\n    at Object.next (/Users/vbui/Documents/Auto_repo/myTypescript/rest-api/dist/routes/find-course-by-url.js:25:53)\n    at fulfilled (/Users/vbui/Documents/Auto_repo/myTypescript/rest-api/dist/routes/find-course-by-url.js:16:58)\n    at process.processTicksAndRejections (node:internal/process/task_queues:95:5)"
}
{
    "level": "error",
    "message": "Default error handler triggered; reason: Cannot set headers after they are sent to the client",
    "stack": "Error [ERR_HTTP_HEADERS_SENT]: Cannot set headers after they are sent to the client\n    at new NodeError (node:internal/errors:405:5)\n    at ServerResponse.setHeader (node:_http_outgoing:655:11)\n    at ServerResponse.header (/Users/vbui/Documents/Auto_repo/myTypescript/rest-api/node_modules/express/lib/response.js:686:10)\n    at ServerResponse.send (/Users/vbui/Documents/Auto_repo/myTypescript/rest-api/node_modules/express/lib/response.js:163:12)\n    at ServerResponse.json (/Users/vbui/Documents/Auto_repo/myTypescript/rest-api/node_modules/express/lib/response.js:252:15)\n    at /Users/vbui/Documents/Auto_repo/myTypescript/rest-api/dist/routes/find-course-by-url.js:85:42\n    at step (/Users/vbui/Documents/Auto_repo/myTypescript/rest-api/dist/routes/find-course-by-url.js:44:23)\n    at Object.next (/Users/vbui/Documents/Auto_repo/myTypescript/rest-api/dist/routes/find-course-by-url.js:25:53)\n    at fulfilled (/Users/vbui/Documents/Auto_repo/myTypescript/rest-api/dist/routes/find-course-by-url.js:16:58)\n    at process.processTicksAndRejections (node:internal/process/task_queues:95:5)"
}
{
    "level": "error",
    "message": "Response was already being writeen, delegating to built-in Express error handler."
}
{
    "code": "ERR_HTTP_HEADERS_SENT",
    "level": "error",
    "message": "Error in findCourseByUrl: Cannot set headers after they are sent to the client",
    "stack": "Error [ERR_HTTP_HEADERS_SENT]: Cannot set headers after they are sent to the client\n    at new NodeError (node:internal/errors:405:5)\n    at ServerResponse.setHeader (node:_http_outgoing:655:11)\n    at ServerResponse.header (/Users/vbui/Documents/Auto_repo/myTypescript/rest-api/node_modules/express/lib/response.js:686:10)\n    at ServerResponse.send (/Users/vbui/Documents/Auto_repo/myTypescript/rest-api/node_modules/express/lib/response.js:163:12)\n    at ServerResponse.json (/Users/vbui/Documents/Auto_repo/myTypescript/rest-api/node_modules/express/lib/response.js:252:15)\n    at /Users/vbui/Documents/Auto_repo/myTypescript/rest-api/dist/routes/find-course-by-url.js:80:42\n    at step (/Users/vbui/Documents/Auto_repo/myTypescript/rest-api/dist/routes/find-course-by-url.js:44:23)\n    at Object.next (/Users/vbui/Documents/Auto_repo/myTypescript/rest-api/dist/routes/find-course-by-url.js:25:53)\n    at fulfilled (/Users/vbui/Documents/Auto_repo/myTypescript/rest-api/dist/routes/find-course-by-url.js:16:58)\n    at process.processTicksAndRejections (node:internal/process/task_queues:95:5)"
}
{
    "level": "error",
    "message": "Default error handler triggered; reason: Cannot set headers after they are sent to the client",
    "stack": "Error [ERR_HTTP_HEADERS_SENT]: Cannot set headers after they are sent to the client\n    at new NodeError (node:internal/errors:405:5)\n    at ServerResponse.setHeader (node:_http_outgoing:655:11)\n    at ServerResponse.header (/Users/vbui/Documents/Auto_repo/myTypescript/rest-api/node_modules/express/lib/response.js:686:10)\n    at ServerResponse.send (/Users/vbui/Documents/Auto_repo/myTypescript/rest-api/node_modules/express/lib/response.js:163:12)\n    at ServerResponse.json (/Users/vbui/Documents/Auto_repo/myTypescript/rest-api/node_modules/express/lib/response.js:252:15)\n    at /Users/vbui/Documents/Auto_repo/myTypescript/rest-api/dist/routes/find-course-by-url.js:85:42\n    at step (/Users/vbui/Documents/Auto_repo/myTypescript/rest-api/dist/routes/find-course-by-url.js:44:23)\n    at Object.next (/Users/vbui/Documents/Auto_repo/myTypescript/rest-api/dist/routes/find-course-by-url.js:25:53)\n    at fulfilled (/Users/vbui/Documents/Auto_repo/myTypescript/rest-api/dist/routes/find-course-by-url.js:16:58)\n    at process.processTicksAndRejections (node:internal/process/task_queues:95:5)"
}
{
    "level": "error",
    "message": "Response was already being writeen, delegating to built-in Express error handler."
}
{
    "level": "error",
    "message": "Default error handler triggered; reason: Unexpected token } in JSON at position 22",
    "stack": "SyntaxError: Unexpected token } in JSON at position 22\n    at JSON.parse (<anonymous>)\n    at parse (/Users/vbui/Documents/Auto_repo/myTypescript/rest-api/node_modules/body-parser/lib/types/json.js:74:19)\n    at /Users/vbui/Documents/Auto_repo/myTypescript/rest-api/node_modules/body-parser/lib/read.js:163:18\n    at AsyncResource.runInAsyncScope (node:async_hooks:203:9)\n    at invokeCallback (/Users/vbui/Documents/Auto_repo/myTypescript/rest-api/node_modules/raw-body/index.js:238:16)\n    at done (/Users/vbui/Documents/Auto_repo/myTypescript/rest-api/node_modules/raw-body/index.js:227:7)\n    at IncomingMessage.onEnd (/Users/vbui/Documents/Auto_repo/myTypescript/rest-api/node_modules/raw-body/index.js:287:7)\n    at IncomingMessage.emit (node:events:517:28)\n    at endReadableNT (node:internal/streams/readable:1400:12)\n    at process.processTicksAndRejections (node:internal/process/task_queues:82:21)"
}
